<?xml version="1.0" encoding="UTF-8"?>
<!-- Generated by org.testng.reporters.JUnitReportReporter -->
<testsuite hostname="ndi-mb-214" failures="0" tests="2" name="com.assessment.tests.SearchTest" time="23.185" errors="0" timestamp="2023-06-26T21:29:20 IST" skipped="0">
  <testcase classname="com.assessment.tests.SearchTest" name="searchTermTest" time="10.723"/>
  <system-out/>
  <testcase classname="com.assessment.tests.SearchTest" name="searchAnotherTermTest" time="12.462"/>
  <system-out/>
</testsuite> <!-- com.assessment.tests.SearchTest -->
