<?xml version="1.0" encoding="UTF-8"?>
<!-- Generated by org.testng.reporters.JUnitReportReporter -->
<testsuite hostname="ndi-mb-214" failures="0" tests="2" name="com.assessment.tests.SecondSearchTest" time="17.877" errors="0" timestamp="2023-06-26T21:29:20 IST" skipped="0">
  <testcase classname="com.assessment.tests.SecondSearchTest" name="searchAnotherTermTest" time="7.960"/>
  <system-out/>
  <testcase classname="com.assessment.tests.SecondSearchTest" name="secondSearchTest" time="9.917"/>
  <system-out/>
</testsuite> <!-- com.assessment.tests.SecondSearchTest -->
